Vivado Simulator 2018.3
Copyright 1986-1999, 2001-2018 Xilinx, Inc. All Rights Reserved.
Running: D:/Xilinx/Vivado/2018.3/bin/unwrapped/win64.o/xelab.exe -wto b1df4dff70e5423a93de1576d5b711cd --incr --debug typical --relax --mt 2 -L blk_mem_gen_v8_4_2 -L xil_defaultlib -L unisims_ver -L unimacro_ver -L secureip -L xpm --snapshot testbench_behav xil_defaultlib.testbench xil_defaultlib.glbl -log elaborate.log 
Using 2 slave threads.
Starting static elaboration
WARNING: [VRFC 10-3091] actual bit length 32 differs from formal bit length 1 for port 'DAC_En' [D:/vivado_project/SEA-master/Examples/FPGA/4.Module-Interface/DAC-Interface/DAC_Demo/DAC_Demo.srcs/sources_1/new/wave_generator.v:39]
WARNING: [VRFC 10-3091] actual bit length 32 differs from formal bit length 9 for port 'Phase' [D:/vivado_project/SEA-master/Examples/FPGA/4.Module-Interface/DAC-Interface/DAC_Demo/DAC_Demo.srcs/sources_1/new/wave_generator.v:41]
Completed static elaboration
Starting simulation data flow analysis
Completed simulation data flow analysis
Time Resolution for simulation is 1ps
Compiling module unisims_ver.IBUF
Compiling module unisims_ver.PLLE2_ADV(CLKFBOUT_MULT=9,CLKIN1...
Compiling module unisims_ver.BUFG
Compiling module xil_defaultlib.clk_5_10_clk_wiz
Compiling module xil_defaultlib.clk_5_10
Compiling module xil_defaultlib.Clk_Division
Compiling module xil_defaultlib.DDS_Addr_Generator
Compiling module blk_mem_gen_v8_4_2.blk_mem_gen_v8_4_2_output_stage(...
Compiling module blk_mem_gen_v8_4_2.blk_mem_gen_v8_4_2_output_stage(...
Compiling module blk_mem_gen_v8_4_2.blk_mem_gen_v8_4_2_softecc_outpu...
Compiling module blk_mem_gen_v8_4_2.blk_mem_gen_v8_4_2_mem_module(C_...
Compiling module blk_mem_gen_v8_4_2.blk_mem_gen_v8_4_2(C_FAMILY="spa...
Compiling module xil_defaultlib.Sin_Rom
Compiling module blk_mem_gen_v8_4_2.blk_mem_gen_v8_4_2_mem_module(C_...
Compiling module blk_mem_gen_v8_4_2.blk_mem_gen_v8_4_2(C_FAMILY="spa...
Compiling module xil_defaultlib.Square_Rom
Compiling module blk_mem_gen_v8_4_2.blk_mem_gen_v8_4_2_mem_module(C_...
Compiling module blk_mem_gen_v8_4_2.blk_mem_gen_v8_4_2(C_FAMILY="spa...
Compiling module xil_defaultlib.Triangle_Rom
Compiling module xil_defaultlib.Driver_DAC
Compiling module xil_defaultlib.wave_generator
Compiling module xil_defaultlib.testbench
Compiling module xil_defaultlib.glbl
Built simulation snapshot testbench_behav
