#-----------------------------------------------------------
# Vivado v2018.3 (64-bit)
# SW Build 2405991 on Thu Dec  6 23:38:27 MST 2018
# IP Build 2404404 on Fri Dec  7 01:43:56 MST 2018
# Start of session at: Wed Jul 29 22:33:09 2020
# Process ID: 27748
# Current directory: D:/vivado_project/SEA-master/Examples/FPGA/4.Module-Interface/DAC-Interface/DAC_Demo
# Command line: vivado.exe -gui_launcher_event rodinguilauncherevent23612 D:\vivado_project\SEA-master\Examples\FPGA\4.Module-Interface\DAC-Interface\DAC_Demo\DAC_Demo.xpr
# Log file: D:/vivado_project/SEA-master/Examples/FPGA/4.Module-Interface/DAC-Interface/DAC_Demo/vivado.log
# Journal file: D:/vivado_project/SEA-master/Examples/FPGA/4.Module-Interface/DAC-Interface/DAC_Demo\vivado.jou
#-----------------------------------------------------------
start_gui
open_project D:/vivado_project/SEA-master/Examples/FPGA/4.Module-Interface/DAC-Interface/DAC_Demo/DAC_Demo.xpr
INFO: [ProjectBase 1-489] The host OS only allows 260 characters in a normal path. The project is stored in a path with more than 80 characters. If you experience issues with IP, Block Designs, or files not being found, please consider moving the project to a location with a shorter path. Alternately consider using the OS subst command to map part of the path to a drive letter.
Current project path is 'D:/vivado_project/SEA-master/Examples/FPGA/4.Module-Interface/DAC-Interface/DAC_Demo'
Scanning sources...
Finished scanning sources
INFO: [IP_Flow 19-234] Refreshing IP repositories
INFO: [IP_Flow 19-1704] No user IP repositories specified
INFO: [IP_Flow 19-2313] Loaded Vivado IP repository 'D:/Xilinx/Vivado/2018.3/data/ip'.
open_project: Time (s): cpu = 00:00:15 ; elapsed = 00:00:06 . Memory (MB): peak = 751.816 ; gain = 136.629
update_compile_order -fileset sources_1
exit
INFO: [Common 17-206] Exiting Vivado at Wed Jul 29 22:47:50 2020...
